  Building Custom Rule C:/Users/ESALAB/Desktop/邱信瑋計算機圖學/freeglut-master/CMakeLists.txt
  fg_callbacks.c
  fg_cursor.c
  fg_display.c
  fg_ext.c
  fg_font_data.c
  fg_gamemode.c
  fg_geometry.c
  fg_gl2.c
  fg_init.c
  fg_input_devices.c
  fg_joystick.c
  fg_main.c
  fg_misc.c
  fg_overlay.c
  fg_spaceball.c
  fg_state.c
  fg_stroke_mono_roman.c
  fg_stroke_roman.c
  fg_structure.c
  fg_teapot.c
C:\Users\ESALAB\Desktop\邱信瑋計算機圖學\freeglut-master\src\fg_teapot.c(1,1): warning C4819: 檔案含有無法在目前字碼頁 (950) 中表示的字元。請以 Unicode 格式儲存檔案以防止資料遺失
  正在產生程式碼...
  正在編譯...
  fg_videoresize.c
  fg_window.c
  fg_font.c
  fg_menu.c
  fg_cursor_mswin.c
  fg_display_mswin.c
  fg_ext_mswin.c
  fg_gamemode_mswin.c
  fg_init_mswin.c
  fg_input_devices_mswin.c
  fg_joystick_mswin.c
  fg_main_mswin.c
C:\Users\ESALAB\Desktop\邱信瑋計算機圖學\freeglut-master\src\mswin\fg_main_mswin.c(47,80): warning C4312: '類型轉換': 將 'unsigned int' 轉換為較大的 'pGetTouchInputInfo'
C:\Users\ESALAB\Desktop\邱信瑋計算機圖學\freeglut-master\src\mswin\fg_main_mswin.c(48,92): warning C4312: '類型轉換': 將 'unsigned int' 轉換為較大的 'pCloseTouchInputHandle'
C:\Users\ESALAB\Desktop\邱信瑋計算機圖學\freeglut-master\src\mswin\fg_main_mswin.c(1510,67): warning C4312: '類型轉換': 將 'unsigned int' 轉換為較大的 'pGetTouchInputInfo'
  fg_menu_mswin.c
  fg_spaceball_mswin.c
  fg_state_mswin.c
  fg_structure_mswin.c
  fg_window_mswin.c
C:\Users\ESALAB\Desktop\邱信瑋計算機圖學\freeglut-master\src\mswin\fg_window_mswin.c(85,86): warning C4312: '類型轉換': 將 'unsigned int' 轉換為較大的 'pRegisterTouchWindow'
C:\Users\ESALAB\Desktop\邱信瑋計算機圖學\freeglut-master\src\mswin\fg_window_mswin.c(774,71): warning C4312: '類型轉換': 將 'unsigned int' 轉換為較大的 'pRegisterTouchWindow'
  fg_cmap_mswin.c
  xparsegeometry_repl.c
  正在產生程式碼...
  freeglut_static.vcxproj -> C:\Users\ESALAB\Desktop\邱信瑋計算機圖學\freeglut-master\build\lib\Debug\freeglut_staticd.lib
