  ICG2022_HW2.cpp
C:\Users\ESALAB\Desktop\ICG_CHIU\ICG2022_HW2\ICG2022_HW2\ICG2022_HW2.cpp(394,12): warning C4101: 'hf': 未參考的區域變數
C:\Program Files\Microsoft Visual Studio\2022\Community\VC\Tools\MSVC\14.33.31629\include\xstring(2824,53): warning C4244: '引數': 將 'wchar_t' 轉換為 'const _Elem'，由於類型不同，可能導致資料遺失
          with
          [
              _Elem=char
          ]
C:\Program Files\Microsoft Visual Studio\2022\Community\VC\Tools\MSVC\14.33.31629\include\xstring(2664): message : 請參考正在進行編譯的函式 樣板 具現化 'void std::basic_string<char,std::char_traits<char>,std::allocator<char>>::_Construct_from_iter<wchar_t*>(_Iter,const _Iter)'
          with
          [
              _Iter=wchar_t *
          ]
C:\Program Files\Microsoft Visual Studio\2022\Community\VC\Tools\MSVC\14.33.31629\include\xstring(2664): message : 請參考正在進行編譯的函式 樣板 具現化 'void std::basic_string<char,std::char_traits<char>,std::allocator<char>>::_Construct_from_iter<wchar_t*>(_Iter,const _Iter)'
          with
          [
              _Iter=wchar_t *
          ]
C:\Users\ESALAB\Desktop\ICG_CHIU\ICG2022_HW2\ICG2022_HW2\ICG2022_HW2.cpp(417): message : 請參考正在進行編譯的函式 樣板 具現化 'std::basic_string<char,std::char_traits<char>,std::allocator<char>>::basic_string<std::_String_iterator<std::_String_val<std::_Simple_types<_Elem>>>,0>(_Iter,_Iter,const _Alloc &)'
          with
          [
              _Elem=wchar_t,
              _Iter=std::_String_iterator<std::_String_val<std::_Simple_types<wchar_t>>>,
              _Alloc=std::allocator<char>
          ]
C:\Users\ESALAB\Desktop\ICG_CHIU\ICG2022_HW2\ICG2022_HW2\ICG2022_HW2.cpp(417): message : 請參考正在進行編譯的函式 樣板 具現化 'std::basic_string<char,std::char_traits<char>,std::allocator<char>>::basic_string<std::_String_iterator<std::_String_val<std::_Simple_types<_Elem>>>,0>(_Iter,_Iter,const _Alloc &)'
          with
          [
              _Elem=wchar_t,
              _Iter=std::_String_iterator<std::_String_val<std::_Simple_types<wchar_t>>>,
              _Alloc=std::allocator<char>
          ]
  trianglemesh.cpp
  正在產生程式碼
  9 of 1009 functions ( 0.9%) were compiled, the rest were copied from previous compilation.
    3 functions were new in current compilation
    47 functions had inline decision re-evaluated but remain unchanged
  已完成程式碼產生
  ICG2022_HW2.vcxproj -> C:\Users\ESALAB\Desktop\ICG_CHIU\ICG2022_HW2\x64\Release\ICG2022_HW2.exe
